1.53703e-06	8	1
1.92129e-06	10	2
2.49768e-06	13	3
2.68981e-06	14	4
0.00134298	6990	5
0.0011326	5895	6
0.0010765	5603	7
0.000976208	5081	8
0.00112568	5859	9
0.000999648	5203	10
0.000939319	4889	11
0.000974479	5072	12
0.000978706	5094	13
0.000928368	4832	14
0.000927984	4830	15
0.000914342	4759	16
0.000895706	4662	17
0.000974671	5073	18
0.000890518	4635	19
0.000912229	4748	20
0.000937398	4879	21
0.000915495	4765	22
0.00089609	4664	23
0.000978706	5094	24
0.000948349	4936	25
0.000947581	4932	26
0.000978706	5094	27
0.000938167	4883	28
0.000974479	5072	29
0.000968907	5043	30
0.000974095	5070	31
0.00100387	5225	32
0.00102059	5312	33
0.000987928	5142	34
0.00098447	5124	35
0.00103769	5401	36
0.000967178	5034	37
0.000995613	5182	38
0.00102347	5327	39
0.00100925	5253	40
0.0010106	5260	41
0.00101483	5282	42
0.000986775	5136	43
0.000971405	5056	44
0.00100714	5242	45
0.000993884	5173	46
0.000998303	5196	47
0.00101675	5292	48
0.0010227	5323	49
0.000980435	5103	50
0.00103865	5406	51
0.00099081	5157	52
0.00100407	5226	53
0.00102501	5335	54
0.000963912	5017	55
0.00100042	5207	56
0.00104076	5417	57
0.00100118	5211	58
0.00103827	5404	59
0.00103404	5382	60
0.00100003	5205	61
0.000974479	5072	62
0.00100234	5217	63
0.000989273	5149	64
0.00102097	5314	65
0.00103077	5365	66
0.000995229	5180	67
0.000996766	5188	68
0.00100906	5252	69
0.00100887	5251	70
0.000963335	5014	71
0.00101214	5268	72
0.00102501	5335	73
0.00101252	5270	74
0.00101194	5267	75
0.000982933	5116	76
0.00100637	5238	77
0.00102462	5333	78
0.00101444	5280	79
0.00103308	5377	80
0.00105306	5481	81
0.0010546	5489	82
0.00102405	5330	83
0.00102193	5319	84
0.00103731	5399	85
0.00101636	5290	86
0.0010131	5273	87
0.00100426	5227	88
0.000987352	5139	89
0.00104307	5429	90
0.00102712	5346	91
0.0010227	5323	92
0.0010717	5578	93
0.0010325	5374	94
0.00102097	5314	95
0.00102693	5345	96
0.00101271	5271	97
0.00100791	5246	98
0.00104326	5430	99
0.00102482	5334	100
0.000997534	5192	101
0.00102328	5326	102
0.00101444	5280	103
0.0010129	5272	104
0.00104038	5415	105
0.00102136	5316	106
0.00101809	5299	107
0.00102366	5328	108
0.000987544	5140	109
0.000978129	5091	110
0.00101886	5303	111
0.000977169	5086	112
0.00102117	5315	113
0.00100138	5212	114
0.000993308	5170	115
0.00101194	5267	116
0.000979666	5099	117
0.00100464	5229	118
0.00098274	5115	119
0.00103096	5366	120
0.00102078	5313	121
0.00098812	5143	122
0.00103711	5398	123
0.000996766	5188	124
0.000994268	5175	125
0.00100849	5249	126
0.000996958	5189	127
0.00101367	5276	128
0.00101348	5275	129
0.00100772	5245	130
0.00099984	5204	131
0.00101636	5290	132
0.00100695	5241	133
0.00100272	5219	134
0.00100118	5211	135
0.00101252	5270	136
0.00101156	5265	137
0.00102501	5335	138
0.000998495	5197	139
0.000970444	5051	140
0.00101559	5286	141
0.000991386	5160	142
0.000987928	5142	143
0.00103577	5391	144
0.00100714	5242	145
0.000986967	5137	146
0.00101982	5308	147
0.00101905	5304	148
0.000996958	5189	149
0.00101233	5269	150
0.000995805	5183	151
0.00100887	5251	152
0.000994268	5175	153
0.000996382	5186	154
0.000995613	5182	155
0.00101425	5279	156
0.00101002	5257	157
0.00100138	5212	158
0.00103596	5392	159
0.000997534	5192	160
0.000989081	5148	161
0.000992155	5164	162
0.00101636	5290	163
0.00102578	5339	164
0.00103039	5363	165
0.000994076	5174	166
0.00103135	5368	167
0.00101175	5266	168
0.00100099	5210	169
0.00101771	5297	170
0.00102001	5309	171
0.00099984	5204	172
0.00101252	5270	173
0.00104115	5419	174
0.00102731	5347	175
0.00100003	5205	176
0.00100522	5232	177
0.00102136	5316	178
0.00103903	5408	179
0.00101982	5308	180
0.00099446	5176	181
0.00101809	5299	182
0.00102482	5334	183
0.00100656	5239	184
0.00104384	5433	185
0.00102097	5314	186
0.000998495	5197	187
0.00101848	5301	188
0.00103558	5390	189
0.00100676	5240	190
0.00102616	5341	191
0.00102751	5348	192
0.00102501	5335	193
0.00101752	5296	194
0.00102462	5333	195
0.00102309	5325	196
0.00102021	5310	197
0.00101867	5302	198
0.00103788	5402	199
0.00102232	5321	200
0.0010252	5336	201
0.00102366	5328	202
0.00102136	5316	203
0.00103999	5413	204
0.00106612	5549	205
0.000997727	5193	206
0.00105325	5482	207
0.00102674	5344	208
0.00103154	5369	209
0.00103289	5376	210
0.00101579	5287	211
0.00103346	5379	212
0.0010179	5298	213
0.00103385	5381	214
0.00105479	5490	215
0.00103558	5390	216
0.00103135	5368	217
0.00103462	5385	218
0.00104134	5420	219
0.0010229	5324	220
0.00101713	5294	221
0.00100656	5239	222
0.00103116	5367	223
0.00103442	5384	224
0.0010325	5374	225
0.0010229	5324	226
0.00103769	5401	227
0.00100176	5214	228
0.00102328	5326	229
0.0010154	5285	230
0.00101752	5296	231
0.00102366	5328	232
0.00101982	5308	233
0.00102213	5320	234
0.00101156	5265	235
0.00101924	5305	236
0.00105729	5503	237
0.00101713	5294	238
0.00103615	5393	239
0.00103692	5397	240
0.00104153	5421	241
0.00102501	5335	242
0.00103654	5395	243
0.00100925	5253	244
0.00105671	5500	245
0.00103999	5413	246
0.0010277	5349	247
0.00101329	5274	248
0.00101118	5263	249
0.00102232	5321	250
0.00102808	5351	251
0.00102962	5359	252
0.00100656	5239	253
0.00102597	5340	254
0.0010302	5362	255
0.00103231	5373	256
0.00103999	5413	257
0.00102616	5341	258
0.00102597	5340	259
0.00101636	5290	260
0.0010227	5323	261
0.00102309	5325	262
0.00102424	5331	263
0.00100387	5225	264
0.00101137	5264	265
0.00100829	5248	266
0.000998879	5199	267
0.0010179	5298	268
0.000989465	5150	269
0.00100253	5218	270
0.00104172	5422	271
0.00102078	5313	272
0.00103423	5383	273
0.00101137	5264	274
0.00102674	5344	275
0.00102712	5346	276
0.00100599	5236	277
0.00103596	5392	278
0.00102635	5342	279
0.00101848	5301	280
0.00102232	5321	281
0.00103404	5382	282
0.00101271	5271	283
0.00104172	5422	284
0.0010229	5324	285
0.0010302	5362	286
0.00101329	5274	287
0.00101406	5278	288
0.00103154	5369	289
0.00102635	5342	290
0.00104326	5430	291
0.0010179	5298	292
0.00103903	5408	293
0.000995037	5179	294
0.00101137	5264	295
0.00101175	5266	296
0.000985815	5131	297
0.00103827	5404	298
0.00100945	5254	299
0.00104076	5417	300
0.00103289	5376	301
0.00104307	5429	302
0.00101021	5258	303
0.00102405	5330	304
0.00103558	5390	305
0.00102674	5344	306
0.00103673	5396	307
0.00101521	5284	308
0.0010252	5336	309
0.00100215	5216	310
0.00102424	5331	311
0.00102597	5340	312
0.00102213	5320	313
0.00103615	5393	314
0.00103481	5386	315
0.00102943	5358	316
0.00103442	5384	317
0.00104518	5440	318
0.00100906	5252	319
0.00102251	5322	320
0.00102616	5341	321
0.00101483	5282	322
0.00103731	5399	323
0.00103654	5395	324
0.00100618	5237	325
0.00101905	5304	326
0.00104845	5457	327
0.00103481	5386	328
0.00102001	5309	329
0.00103212	5372	330
0.00102136	5316	331
0.00101079	5261	332
0.0010131	5273	333
0.00102405	5330	334
0.00101636	5290	335
0.00102097	5314	336
0.00101694	5293	337
0.0010398	5412	338
0.00105248	5478	339
0.00102943	5358	340
0.00103135	5368	341
0.00103673	5396	342
0.00100714	5242	343
0.00103903	5408	344
0.00102328	5326	345
0.00100656	5239	346
0.00102001	5309	347
0.00103577	5391	348
0.00101752	5296	349
0.00102904	5356	350
0.00103596	5392	351
0.00100829	5248	352
0.00100311	5221	353
0.00102078	5313	354
0.0010227	5323	355
0.00102808	5351	356
0.00101559	5286	357
0.00102712	5346	358
0.00101079	5261	359
0.00102808	5351	360
0.0010473	5451	361
0.00103923	5409	362
0.00101194	5267	363
0.00101271	5271	364
0.00101559	5286	365
0.00104595	5444	366
0.00104249	5426	367
0.00103135	5368	368
0.00102097	5314	369
0.00103673	5396	370
0.00100791	5246	371
0.00103116	5367	372
0.00104134	5420	373
0.00101502	5283	374
0.00106228	5529	375
0.00104153	5421	376
0.00102136	5316	377
0.00102635	5342	378
0.00104422	5435	379
0.00104691	5449	380
0.00103615	5393	381
0.00105863	5510	382
0.00101675	5292	383
0.00103039	5363	384
0.00101713	5294	385
0.00104057	5416	386
0.00101848	5301	387
0.00101598	5288	388
0.00102924	5357	389
0.00103865	5406	390
0.00103212	5372	391
0.0010277	5349	392
0.00102366	5328	393
0.00102616	5341	394
0.00102962	5359	395
0.00107035	5571	396
0.00104614	5445	397
0.00103673	5396	398
0.00103308	5377	399
0.00103135	5368	400
0.00103546	5389	401
0.00106858	5561	402
0.00104674	5447	403
0.00102396	5328	404
0.00105037	5465	405
0.00104969	5461	406
0.00104112	5416	407
0.00104313	5426	408
0.00105609	5493	409
0.00106368	5532	410
0.00107242	5577	411
0.00103905	5403	412
0.00103626	5388	413
0.00105809	5501	414
0.00103722	5392	415
0.00107387	5582	416
0.00103338	5371	417
0.001056	5488	418
0.00105361	5475	419
0.00104063	5407	420
0.00103035	5353	421
0.00105643	5488	422
0.00105269	5468	423
0.00105339	5471	424
0.00106507	5531	425
0.00103514	5375	426
0.00107416	5577	427
0.00108873	5652	428
0.00107134	5561	429
0.00102831	5337	430
0.00103769	5385	431
0.00107482	5577	432
0.00105916	5495	433
0.00103193	5353	434
0.00107103	5555	435
0.00107698	5585	436
0.00106712	5533	437
0.00108407	5620	438
0.00108309	5614	439
0.00106977	5544	440
0.00107653	5578	441
0.00105936	5488	442
0.00105339	5456	443
0.00109087	5649	444
0.00111465	5771	445
0.00110291	5709	446
0.00111785	5785	447
0.00108659	5622	448
0.00111199	5752	449
0.00109621	5669	450
0.00112027	5792	451
0.00110355	5704	452
0.00114295	5906	453
0.00113186	5847	454
0.00112038	5786	455
0.00113024	5835	456
0.00116181	5996	457
0.00112054	5781	458
0.00113374	5847	459
0.00111106	5728	460
0.00114721	5912	461
0.00116496	6001	462
0.00115577	5951	463
0.00113763	5855	464
0.00116404	5988	465
0.00114015	5862	466
0.0011659	5991	467
0.00117985	6059	468
0.00117829	6047	469
0.00118126	6058	470
0.00117958	6045	471
0.00115337	5906	472
0.0011655	5963	473
0.00120433	6156	474
0.00117343	5992	475
0.00121079	6176	476
0.001212	6175	477
0.00118445	6027	478
0.00120144	6105	479
0.00121902	6185	480
0.00119693	6063	481
0.00118679	6001	482
0.0012029	6071	483
0.00120261	6057	484
0.00121127	6087	485
0.00119527	5992	486
0.00118682	5934	487
0.00119705	5968	488
0.00120178	5973	489
0.00120539	5971	490
0.00118589	5853	491
0.00121498	5973	492
0.00124175	6078	493
0.00118603	5778	494
0.00120572	5844	495
0.00122145	5888	496
0.00118366	5672	497
0.00123414	5876	498
0.00121649	5752	499
0.0011908	5589	500
0.00122025	5681	501
0.00120754	5574	502
0.00123269	5638	503
0.00124149	5623	504
0.00121991	5468	505
0.00120275	5332	506
0.0012112	5307	507
0.00124979	5409	508
0.00119496	5105	509
0.00123743	5215	510
0.00123006	5111	511
0.00123599	5060	512
0.00121406	4895	513
0.00123105	4886	514
0.00122549	4786	515
0.00127807	4909	516
0.00125567	4742	517
0.00125939	4675	518
0.00126708	4622	519
0.00125957	4514	520
0.00128422	4521	521
0.0012793	4423	522
0.00128233	4354	523
0.00126806	4228	524
0.00133143	4359	525
0.00131144	4215	526
0.00132074	4168	527
0.00129638	4017	528
0.00130899	3983	529
0.00133555	3990	530
0.00130737	3835	531
0.0013261	3820	532
0.00129337	3659	533
0.00136412	3790	534
0.00133473	3642	535
0.0013613	3649	536
0.00140072	3688	537
0.00140071	3623	538
0.00137899	3505	539
0.00140605	3512	540
0.00137127	3366	541
0.00138923	3351	542
0.00142127	3370	543
0.00138596	3230	544
0.00139705	3201	545
0.00144405	3253	546
0.00143243	3173	547
0.00141416	3080	548
0.00140868	3017	549
0.00139094	2930	550
0.00144929	3002	551
0.0013978	2847	552
0.00141497	2834	553
0.00141879	2794	554
0.00143309	2774	555
0.00150381	2860	556
0.00141609	2646	557
0.00138675	2545	558
0.00145096	2614	559
0.00146009	2581	560
0.0014556	2524	561
0.00146323	2487	562
0.0014636	2437	563
0.00140451	2289	564
0.00145397	2318	565
0.00140698	2192	566
0.00139191	2118	567
0.00137421	2041	568
0.00144785	2096	569
0.00146516	2066	570
0.00141991	1948	571
0.00143605	1915	572
0.00142451	1845	573
0.0014479	1819	574
0.00138511	1686	575
0.0014101	1661	576
0.00138583	1578	577
0.00136444	1500	578
0.00136284	1445	579
0.0013719	1401	580
0.00135912	1335	581
0.0014033	1324	582
0.00129667	1173	583
0.00136772	1185	584
0.00136864	1134	585
0.00134619	1065	586
0.00131348	991	587
0.00138764	997	588
0.00133789	914	589
0.00133817	868	590
0.00147519	907	591
0.00140378	817	592
0.00136254	749	593
0.00139687	724	594
0.00135804	663	595
0.00143527	658	596
0.00131026	563	597
0.00129043	519	598
0.00134571	505	599
0.00125985	440	600
0.00135872	441	601
0.00131527	396	602
0.00133958	373	603
0.00126913	326	604
0.00122337	289	605
0.00139352	302	606
0.00132798	263	607
0.0013974	252	608
0.00118615	194	609
0.00115495	171	610
0.00123504	165	611
0.00140084	168	612
0.00139718	150	613
0.00125104	120	614
0.00112854	96	615
0.00135528	102	616
0.0015254	101	617
0.00164753	96	618
0.00147336	75	619
0.00144024	64	620
0.00137281	53	621
0.00131642	44	622
0.00160245	46	623
0.00145507	36	624
0.00178103	38	625
0.00184833	34	626
0.0018408	29	627
0.00191036	26	628
0.00246347	29	629
0.00244188	25	630
0.00278552	25	631
0.00303797	24	632
0.00412166	29	633
0.00384123	24	634
0.0029835	17	635
0.00513406	27	636
0.00493624	24	637
0.00487049	22	638
0.00571837	24	639
0.00428427	17	640
0.0039672	15	641
0.0043956	16	642
0.00541619	19	643
0.00619469	21	644
0.00549618	18	645
0.00632111	20	646
0.00552127	17	647
0.00566856	17	648
0.00479124	14	649
0.0049054	14	650
0.00428266	12	651
0.00438116	12	652
0.00411215	11	653
0.00765404	20	654
0.0050821	13	655
0.00723473	18	656
0.00738007	18	657
0.00669736	16	658
0.00598546	14	659
0.0065445	15	660
0.0049173	11	661
0.00591985	13	662
0.00556586	12	663
0.00284765	6	664
0.00386287	8	665
0.00244499	5	666
0.00398406	8	667
0.00406711	8	668
0.00465598	9	669
0.00581395	11	670
0.0059108	11	671
0.00218699	4	672
0.0039019	7	673
0.00623229	11	674
0.00574713	10	675
0.00466744	8	676
0.00595238	10	677
0.00423729	7	678
0.00675676	11	679
0.00438322	7	680
0.00508259	8	681
0.00453074	7	682
0.00459921	7	683
0.00598404	9	684
0.00405954	6	685
0.00412088	6	686
0.0076762	11	687
0.00639659	9	688
0.00647017	9	689
0.00509832	7	690
0.00591716	8	691
0.00301432	4	692
0.00768049	10	693
0.00625489	8	694
0.00475059	6	695
0.00643604	8	696
0.00489796	6	697
0.00580431	7	698
0.00843882	10	699
0.00428816	5	700
0.00788782	9	701
0.00359066	4	702
0.00457038	5	703
0.00464253	5	704
0.00569801	6	705
0.00769231	8	706
0.00981354	10	707
0.00712106	7	708
0.00823045	8	709
0.00418848	4	710
0.00748663	7	711
0.00434783	4	712
0.00332226	3	713
0.00564972	5	714
0.0045977	4	715
0.00468384	4	716
0.00357143	3	717
0.00603865	5	718
0.00611247	5	719
0.00868486	7	720
0.00758534	6	721
0.00514139	4	722
0.0105541	8	723
0.00939597	7	724
0.00545703	4	725
0.00414938	3	726
0.00699301	5	727
0.00423131	3	728
0.00430416	3	729
0.00873362	6	730
0.00593472	4	731
0.0030722	2	732
0.00628931	4	733
0.00483871	3	734
0.00656814	4	735
0.00838926	5	736
0.0034188	2	737
0.0122378	7	738
0.00359712	2	739
0.00553506	3	740
0.00380228	2	741
0.00389864	2	742
0.00198413	1	743
0.00204499	1	744
0.00833333	4	745
0.00863931	4	746
0.00660793	3	747
0.00226244	1	748
0.00460829	2	749
0.00729927	3	751
0.00990099	4	752
0.00507614	2	753
0.0105263	4	754
0.0160428	6	755
0.00277008	1	756
0.0084507	3	757
0.00292398	1	758
0.00607903	2	759
0.00628931	2	760
0.00974026	3	761
0.00657895	2	762
0.00338983	1	763
0.0139373	4	764
0.0037037	1	766
0.00757576	2	767
0.00784314	2	768
0.00819672	2	769
0.0041841	1	770
0.00434783	1	771
0.00452489	1	772
0.0146341	3	774
0.01	2	775
0.00515464	1	776
0.0115607	2	779
0.00617284	1	781
0.00699301	1	783
0.0390625	5	785
0.00952381	1	788
0.0120482	1	791
0.0136986	1	792
