0.00209913	   1443 1
0.00115212	    792 2
0.000922277	    634 3
0.00101683	    699 4
0.00448774	   3085 5
0.00446301	   3068 6
0.00425498	   2925 7
0.00448628	   3084 8
0.00500997	   3444 9
0.00515544	   3544 10
0.00510744	   3511 11
0.00518599	   3565 12
0.00517872	   3560 13
0.00486305	   3343 14
0.00476413	   3275 15
0.00479177	   3294 16
0.00479031	   3293 17
0.00489796	   3367 18
0.00494742	   3401 19
0.00477286	   3281 20
0.00477722	   3284 21
0.00448628	   3084 22
0.004399	   3024 23
0.00440336	   3027 24
0.00430881	   2962 25
0.00423607	   2912 26
0.00414879	   2852 27
0.00424189	   2916 28
0.00415477	   2856 29
0.00409987	   2818 30
0.00430848	   2961 31
0.00422457	   2903 32
0.00421496	   2896 33
0.00428109	   2941 34
0.00425702	   2924 35
0.00425628	   2923 36
0.00427877	   2938 37
0.00428667	   2943 38
0.00423786	   2909 39
0.00435218	   2987 40
0.00435283	   2987 41
0.00419028	   2875 42
0.00425222	   2917 43
0.00440462	   3021 44
0.00436023	   2990 45
0.00433042	   2969 46
0.00438664	   3007 47
0.00419633	   2876 48
0.0043213	   2961 49
0.00415432	   2846 50
0.00411133	   2816 51
0.00417194	   2857 52
0.00413044	   2828 53
0.00422472	   2892 54
0.00442871	   3031 55
0.00449818	   3078 56
0.00473442	   3239 57
0.00471486	   3225 58
0.00497897	   3405 59
0.00466094	   3187 60
0.00448923	   3069 61
0.00448273	   3064 62
0.00459055	   3137 63
0.00436611	   2983 64
0.00433625	   2962 65
0.0043327	   2959 66
0.00432053	   2950 67
0.00419692	   2865 68
0.00422429	   2883 69
0.00412115	   2812 70
0.00417181	   2846 71
0.0040774	   2781 72
0.00412385	   2812 73
0.00418496	   2853 74
0.00427537	   2914 75
0.00421175	   2870 76
0.00421119	   2869 77
0.00419886	   2860 78
0.00400302	   2726 79
0.00415085	   2826 80
0.00414579	   2822 81
0.0040351	   2746 82
0.00415665	   2828 83
0.00421195	   2865 84
0.00424379	   2886 85
0.00419778	   2854 86
0.00416642	   2832 87
0.00408933	   2779 88
0.00388709	   2641 89
0.0039823	   2705 90
0.00390226	   2650 91
0.00383823	   2606 92
0.00383922	   2606 93
0.00375016	   2545 94
0.00368026	   2497 95
0.00368993	   2503 96
0.00380288	   2579 97
0.00367834	   2494 98
0.00362325	   2456 99
0.00367718	   2492 100
0.00358212	   2427 101
0.00374243	   2535 102
0.00365905	   2478 103
0.00358623	   2428 104
0.0035	   2369 105
0.0036723	   2485 106
0.00350903	   2374 107
0.00359878	   2434 108
0.00362776	   2453 109
0.00352054	   2380 110
0.00351838	   2378 111
0.00358887	   2425 112
0.00355864	   2404 113
0.00363058	   2452 114
0.00373219	   2520 115
0.0036354	   2454 116
0.00371337	   2506 117
0.00361057	   2436 118
0.00358337	   2417 119
0.00365832	   2467 120
0.00351369	   2369 121
0.00349085	   2353 122
0.00364749	   2458 123
0.00358024	   2412 124
0.003593	   2420 125
0.0035939	   2420 126
0.00375227	   2526 127
0.00353188	   2377 128
0.00372751	   2508 129
0.00372845	   2508 130
0.00371589	   2499 131
0.00376731	   2533 132
0.00374893	   2520 133
0.00366952	   2466 134
0.00363779	   2444 135
0.0035999	   2418 136
0.0036931	   2480 137
0.0037046	   2487 138
0.00372338	   2499 139
0.00380347	   2552 140
0.00365101	   2449 141
0.00376686	   2526 142
0.00376035	   2521 143
0.00391503	   2624 144
0.00375787	   2518 145
0.00375587	   2516 146
0.0037943	   2541 147
0.00382968	   2564 148
0.00379803	   2542 149
0.00389946	   2609 150
0.00382575	   2559 151
0.00390017	   2608 152
0.0038849	   2597 153
0.00385326	   2575 154
0.00386652	   2583 155
0.00383322	   2560 156
0.00394077	   2631 157
0.00377266	   2518 158
0.00391916	   2615 159
0.00396837	   2647 160
0.00387359	   2583 161
0.00397376	   2649 162
0.00388646	   2590 163
0.00396274	   2640 164
0.00398067	   2651 165
0.00399702	   2661 166
0.00395638	   2633 167
0.00404333	   2690 168
0.00409434	   2723 169
0.00407608	   2710 170
0.00403075	   2679 171
0.0041181	   2736 172
0.0042852	   2846 173
0.00410741	   2727 174
0.00416326	   2763 175
0.00420879	   2792 176
0.00400545	   2656 177
0.00404317	   2680 178
0.00408987	   2710 179
0.00392831	   2602 180
0.0041535	   2750 181
0.00412181	   2728 182
0.00410693	   2717 183
0.00399666	   2643 184
0.00408289	   2699 185
0.00405268	   2678 186
0.00420426	   2777 187
0.004156	   2744 188
0.0043396	   2864 189
0.00432923	   2856 190
0.00441158	   2909 191
0.00455757	   3004 192
0.00458544	   3021 193
0.00443406	   2920 194
0.00443927	   2922 195
0.00440179	   2896 196
0.00440688	   2898 197
0.00433892	   2852 198
0.00425107	   2793 199
0.00428342	   2813 200
0.00431425	   2832 201
0.00440482	   2890 202
0.00420111	   2755 203
0.00410401	   2690 204
0.00416381	   2728 205
0.00410627	   2689 206
0.00418309	   2738 207
0.0042065	   2752 208
0.00416414	   2723 209
0.00406367	   2656 210
0.00408247	   2667 211
0.00415186	   2711 212
0.00415071	   2709 213
0.00407461	   2658 214
0.00408277	   2662 215
0.00411091	   2679 216
0.00417153	   2717 217
0.00411982	   2682 218
0.00411277	   2676 219
0.00403188	   2622 220
0.00413701	   2689 221
0.00426542	   2771 222
0.00404113	   2624 223
0.00395695	   2568 224
0.00415199	   2693 225
0.00417288	   2705 226
0.0042523	   2755 227
0.0040585	   2628 228
0.00406995	   2634 229
0.0042994	   2781 230
0.00413616	   2674 231
0.00430564	   2782 232
0.00413764	   2672 233
0.00411847	   2658 234
0.00417982	   2696 235
0.00421305	   2716 236
0.00416738	   2685 237
0.00423342	   2726 238
0.00418453	   2693 239
0.00424302	   2729 240
0.00411183	   2643 241
0.00417042	   2679 242
0.00410116	   2633 243
0.00412097	   2644 244
0.00434804	   2788 245
0.00411038	   2634 246
0.00418761	   2682 247
0.00424033	   2714 248
0.00418844	   2679 249
0.00437111	   2794 250
0.00427534	   2731 251
0.00422179	   2695 252
0.00439699	   2805 253
0.00431995	   2754 254
0.00423024	   2695 255
0.0041751	   2658 256
0.00433812	   2760 257
0.00423731	   2694 258
0.00430957	   2738 259
0.00412031	   2616 260
0.00437016	   2773 261
0.00432603	   2743 262
0.00415206	   2631 263
0.00436813	   2766 264
0.00426206	   2697 265
0.00445619	   2818 266
0.00425511	   2689 267
0.00432467	   2731 268
0.00435646	   2749 269
0.00431991	   2724 270
0.00438003	   2760 271
0.00421492	   2654 272
0.00427687	   2691 273
0.00430588	   2707 274
0.00417573	   2623 275
0.00442424	   2777 276
0.00422548	   2650 277
0.00433248	   2715 278
0.0042831	   2682 279
0.00430885	   2696 280
0.00435696	   2724 281
0.00426577	   2665 282
0.00447407	   2793 283
0.00436083	   2720 284
0.0043436	   2707 285
0.00430229	   2679 286
0.00445087	   2769 287
0.0044611	   2773 288
0.00439413	   2729 289
0.00445432	   2764 290
0.00422743	   2621 291
0.00443298	   2746 292
0.0042932	   2657 293
0.00445403	   2754 294
0.0043012	   2657 295
0.00428546	   2645 296
0.00452468	   2790 297
0.00444581	   2739 298
0.0043606	   2684 299
0.00439719	   2704 300
0.00435255	   2674 301
0.00438615	   2692 302
0.00441301	   2706 303
0.00431602	   2644 304
0.00433492	   2653 305
0.00442094	   2703 306
0.00452374	   2763 307
0.00429538	   2621 308
0.00450153	   2744 309
0.00444872	   2709 310
0.00435322	   2648 311
0.00429851	   2612 312
0.00448088	   2720 313
0.00435878	   2643 314
0.00429736	   2603 315
0.00432815	   2619 316
0.00454276	   2746 317
0.00435086	   2627 318
0.00438227	   2643 319
0.00434573	   2618 320
0.00438739	   2640 321
0.0043711	   2627 322
0.0042145	   2530 323
0.00449628	   2696 324
0.00427971	   2563 325
0.00444042	   2656 326
0.00431534	   2578 327
0.00425873	   2541 328
0.00426598	   2542 329
0.00439208	   2614 330
0.00417063	   2479 331
0.00427566	   2538 332
0.00427121	   2532 333
0.00432745	   2562 334
0.00412538	   2439 335
0.00436907	   2580 336
0.00435981	   2571 337
0.00442871	   2608 338
0.00429874	   2528 339
0.00446454	   2622 340
0.00440259	   2582 341
0.00428952	   2512 342
0.0041655	   2436 343
0.00427071	   2494 344
0.00421035	   2455 345
0.00421974	   2457 346
0.00431234	   2507 347
0.004362	   2532 348
0.00441876	   2561 349
0.00422662	   2446 350
0.00455004	   2629 351
0.00442536	   2553 352
0.00421378	   2427 353
0.00431623	   2482 354
0.0042606	   2446 355
0.0041281	   2366 356
0.00433961	   2483 357
0.00428236	   2446 358
0.00448073	   2555 359
0.00419316	   2387 360
0.00427412	   2429 361
0.00410327	   2328 362
0.00429175	   2431 363
0.00436271	   2467 364
0.00430782	   2432 365
0.00432218	   2436 366
0.0042798	   2408 367
0.00406646	   2284 368
0.00424488	   2380 369
0.00438662	   2455 370
0.00421754	   2356 371
0.00430605	   2401 372
0.00435555	   2424 373
0.00424146	   2356 374
0.00418642	   2321 375
0.00414041	   2291 376
0.00412966	   2281 377
0.00427162	   2355 378
0.00423419	   2330 379
0.00400543	   2200 380
0.00412253	   2260 381
0.00407562	   2230 382
0.00403591	   2204 383
0.00434296	   2367 384
0.00435327	   2368 385
0.00415726	   2257 386
0.00431322	   2337 387
0.00415946	   2249 388
0.00423981	   2288 389
0.00407623	   2195 390
0.00418523	   2249 391
0.00415828	   2230 392
0.00423071	   2264 393
0.00417029	   2227 394
0.0040011	   2132 395
0.00403623	   2146 396
0.00430143	   2282 397
0.00425933	   2255 398
0.00407951	   2155 399
0.00410539	   2164 400
0.00412508	   2170 401
0.00388284	   2038 402
0.00412466	   2160 403
0.00408609	   2135 404
0.00410129	   2138 405
0.00418559	   2177 406
0.00413548	   2146 407
0.00415871	   2153 408
0.00405035	   2092 409
0.00405822	   2091 410
0.00412049	   2118 411
0.00421834	   2163 412
0.00410378	   2099 413
0.00414932	   2117 414
0.00408863	   2081 415
0.0039885	   2025 416
0.00409337	   2073 417
0.00405645	   2049 418
0.00383283	   1931 419
0.00399221	   2006 420
0.00394466	   1977 421
0.0040947	   2047 422
0.00404937	   2019 423
0.00407491	   2026 424
0.00404594	   2006 425
0.00413186	   2043 426
0.00405607	   2000 427
0.0040654	   1999 428
0.00390347	   1914 429
0.0039555	   1934 430
0.00393652	   1919 431
0.00396611	   1928 432
0.00401289	   1945 433
0.00416974	   2015 434
0.00391484	   1886 435
0.00397229	   1908 436
0.00397447	   1903 437
0.00404327	   1930 438
0.0040012	   1904 439
0.0038683	   1835 440
0.00398465	   1884 441
0.00377704	   1780 442
0.00385103	   1809 443
0.0039047	   1828 444
0.0040527	   1891 445
0.00376988	   1753 446
0.00389077	   1803 447
0.00385264	   1779 448
0.00394648	   1816 449
0.00371993	   1706 450
0.00383818	   1754 451
0.00384184	   1749 452
0.00365601	   1658 453
0.00384292	   1736 454
0.00386821	   1741 455
0.00380264	   1705 456
0.00371938	   1661 457
0.00379938	   1690 458
0.00379434	   1681 459
0.00379218	   1673 460
0.00374135	   1644 461
0.00368833	   1614 462
0.00371327	   1618 463
0.00372372	   1616 464
0.00384357	   1661 465
0.00363488	   1564 466
0.00382111	   1637 467
0.00372305	   1588 468
0.00362181	   1538 469
0.00378702	   1601 470
0.00369066	   1553 471
0.00359388	   1505 472
0.00346775	   1445 473
0.00362681	   1504 474
0.00371977	   1535 475
0.00381309	   1566 476
0.00353168	   1443 477
0.003687	   1499 478
0.00359401	   1454 479
0.00364525	   1467 480
0.00356468	   1427 481
0.00361382	   1439 482
0.0035521	   1407 483
0.00363293	   1431 484
0.00357734	   1401 485
0.00361564	   1408 486
0.00352356	   1364 487
0.00336251	   1294 488
0.00345306	   1321 489
0.00351355	   1336 490
0.00354891	   1341 491
0.00347705	   1306 492
0.00327708	   1223 493
0.00349449	   1296 494
0.00349825	   1289 495
0.00347204	   1271 496
0.00347033	   1262 497
0.00348792	   1260 498
0.00343516	   1233 499
0.00345488	   1232 500
0.00339969	   1204 501
0.00336942	   1185 502
0.00353445	   1234 503
0.00341862	   1185 504
0.00333595	   1148 505
0.00350643	   1198 506
0.00357408	   1212 507
0.00336149	   1131 508
0.0033992	   1135 509
0.00355232	   1177 510
0.00317	   1042 511
0.00342529	   1117 512
0.00342665	   1108 513
0.00330933	   1061 514
0.00334691	   1064 515
0.00330635	   1042 516
0.00352091	   1100 517
0.00338019	   1047 518
0.00340306	   1045 519
0.00331427	   1009 520
0.00319609	    964 521
0.00311513	    931 522
0.00332951	    986 523
0.00328416	    963 524
0.00320593	    931 525
0.00335181	    964 526
0.00340303	    969 527
0.00306842	    865 528
0.00326363	    911 529
0.00332202	    918 530
0.00327618	    896 531
0.00321444	    870 532
0.00336949	    902 533
0.00327791	    868 534
0.00326162	    854 535
0.00340662	    882 536
0.00335624	    859 537
0.003312	    838 538
0.00339886	    850 539
0.00324491	    802 540
0.00339436	    829 541
0.00332777	    803 542
0.00325507	    776 543
0.00317118	    747 544
0.00310763	    723 545
0.0031789	    730 546
0.00338404	    767 547
0.00312771	    700 548
0.0033119	    732 549
0.00321467	    701 550
0.00320258	    689 551
0.00353928	    751 552
0.00311099	    651 553
0.00314084	    648 554
0.00324355	    660 555
0.00333239	    668 556
0.00331034	    654 557
0.00326151	    635 558
0.00322651	    619 559
0.00343212	    649 560
0.00291479	    543 561
0.00326979	    600 562
0.00332215	    600 563
0.00331906	    590 564
0.00331037	    579 565
0.0033011	    568 566
0.00325612	    551 567
0.00331255	    551 568
0.0034252	    560 569
0.00314403	    505 570
0.00315549	    498 571
0.00343997	    533 572
0.0036643	    558 573
0.00311783	    466 574
0.00306736	    450 575
0.00339649	    489 576
0.00336991	    476 577
0.00377301	    523 578
0.00380072	    517 579
0.00351445	    469 580
0.00353308	    462 581
0.00354073	    454 582
0.00325292	    409 583
0.00371636	    458 584
0.003585	    433 585
0.00392157	    464 586
0.00401211	    465 587
0.00365491	    415 588
0.00368163	    409 589
0.00374064	    407 590
0.00351699	    374 591
0.00347212	    361 592
0.003659	    372 593
0.0038941	    387 594
0.0035503	    345 595
0.00367454	    349 596
0.00373022	    346 597
0.00390664	    354 598
0.00395681	    350 599
0.00371665	    321 600
0.00394382	    333 601
0.00402002	    331 602
0.00403673	    324 603
0.00360093	    282 604
0.0039368	    301 605
0.00417097	    311 606
0.00370131	    269 607
0.00427797	    303 608
0.00411141	    284 609
0.00408898	    275 610
0.00441255	    289 611
0.00437057	    279 612
0.0042133	    262 613
0.00419356	    254 614
0.00482403	    284 615
0.00404428	    232 616
0.004477	    250 617
0.00447918	    243 618
0.00477363	    252 619
0.00444592	    228 620
0.00444729	    222 621
0.00492073	    239 622
0.00459318	    217 623
0.00478906	    220 624
0.00486002	    217 625
0.00465341	    202 626
0.00504656	    213 627
0.00483422	    198 628
0.00466054	    185 629
0.00540105	    208 630
0.00530163	    198 631
0.00584457	    212 632
0.00497569	    175 633
0.00475199	    162 634
0.00509014	    168 635
0.0055941	    179 636
0.00509382	    158 637
0.00492512	    148 638
0.00581016	    169 639
0.00553741	    156 640
0.00647308	    177 641
0.00660801	    175 642
0.00654971	    168 643
0.00680272	    169 644
0.00586108	    141 645
0.00637189	    148 646
0.00752952	    169 647
0.0065932	    143 648
0.00751196	    157 649
0.00644777	    130 650
0.00679327	    132 651
0.00678781	    127 652
0.00714563	    129 653
0.00671411	    117 654
0.00710193	    119 655
0.00705882	    114 656
0.00765716	    119 657
0.0084129	    126 658
0.00867935	    125 659
0.00871632	    121 660
0.00831087	    111 661
0.00692553	     89 662
0.00937147	    116 663
0.00797917	     95 664
0.00880404	    101 665
0.00843384	     93 666
0.0083113	     88 667
0.00877366	     89 668
0.00969272	     94 669
0.00829652	     77 670
0.0112208	    100 671
0.00964252	     82 672
0.0107315	     87 673
0.00799794	     62 674
0.011556	     86 675
0.0127119	     90 676
0.00990392	     67 677
0.0111266	     72 678
0.0105297	     65 679
0.0113887	     67 680
0.0118963	     67 681
0.0117275	     63 682
0.012264	     63 683
0.0135958	     67 684
0.0122311	     58 685
0.0144896	     66 686
0.0146002	     63 687
0.0119105	     49 688
0.0143885	     56 689
0.0156292	     58 690
0.0158147	     56 691
0.0162482	     55 692
0.0127014	     41 693
0.0117111	     36 694
0.0170242	     50 695
0.0142399	     40 696
0.0126488	     34 697
0.0155581	     40 698
0.0173737	     43 699
0.0131023	     31 700
0.0145439	     33 701
0.0173675	     38 702
0.0166192	     35 703
0.012884	     26 704
0.0165631	     32 705
0.0140617	     26 706
0.0214689	     38 707
0.0170188	     29 708
0.013382	     22 709
0.0176656	     28 710
0.017624	     27 711
0.0122867	     18 712
0.0163701	     23 713
0.0154867	     21 714
0.0190114	     25 715
0.0165877	     21 716
0.00892133	     11 717
0.00920502	     11 718
0.0130321	     15 719
0.0134892	     15 720
0.0112045	     12 721
0.00775946	      8 722
0.011988	     12 723
0.0132248	     13 724
0.0124611	     12 725
0.0118153	     11 726
0.00884956	      8 727
0.0125285	     11 728
0.0118624	     10 729
0.0108696	      9 730
0.0123001	     10 731
0.00754717	      6 732
0.00772201	      6 733
0.0078534	      6 734
0.0106242	      8 735
0.00811908	      6 736
0.00824176	      6 737
0.00987306	      7 738
0.00858369	      6 739
0.00728863	      5 740
0.00441176	      3 741
0.00150376	      1 742
0.00457317	      3 743
0.00936037	      6 744
0.00158228	      1 745
0.0177706	     11 746
0.00655738	      4 747
0.00665557	      4 748
0.0101523	      6 749
0.0155172	      9 750
0.0106195	      6 752
0.00537634	      3 753
0.00542495	      3 754
0.00924214	      5 755
0.0111732	      6 756
0.00561798	      3 757
0.00568182	      3 758
0.00191571	      1 759
0.00772201	      4 760
0.00194553	      1 761
0.00787402	      4 762
0.00199203	      1 763
0.00200803	      1 764
0.0040568	      2 765
0.00408163	      2 766
0.00410678	      2 767
0.00412371	      2 768
0.00206612	      1 769
0.00209644	      1 770
0.00210084	      1 771
0.00421941	      2 772
0.0042735	      2 773
0.0172414	      8 774
0.00217865	      1 775
0.00657895	      3 776
0.00221239	      1 777
0.00892857	      4 778
0.00449438	      2 779
0.00226244	      1 780
0.00454545	      2 781
0.00456621	      2 782
0.00686499	      3 783
0.0045977	      2 784
0.00231481	      1 785
0.00932401	      4 786
0.00471698	      2 788
0.00707547	      3 789
0.00717703	      3 790
0.0121065	      5 792
0.00245098	      1 793
0.00248139	      1 795
0.0025	      1 797
0.00252525	      1 798
0.00510204	      2 801
0.0025641	      1 802
0.00514139	      2 803
0.00257732	      1 804
0.00518135	      2 805
0.00261097	      1 806
0.00526316	      2 807
0.00265252	      1 808
0.00802139	      3 809
0.00268817	      1 811
0.0107817	      4 812
0.00269542	      1 813
0.0027248	      1 816
0.00273224	      1 817
0.00273973	      1 818
0.00277778	      1 821
0.00282486	      1 822
0.00283286	      1 823
0.00569801	      2 825
0.00289855	      1 830
0.00294118	      1 832
0.00296736	      1 835
0.00298507	      1 836
0.00301205	      1 837
0.00319489	      1 847
0.00320513	      1 848
0.00322581	      1 849
0.00328947	      1 851
0.00332226	      1 853
0.00343643	      1 857
0.00357143	      1 860
0.00361011	      1 861
0.00361011	      1 862
0.00383142	      1 866
0.00389105	      1 868
0.00416667	      1 872
0.00444444	      1 876
0.00507614	      1 883
0.0143885	      2 894
0.0152672	      2 896
0.0078125	      1 897
0.00934579	      1 903
0.00961538	      1 905
0.0106383	      1 907
0.0114943	      1 909
0.0243902	      2 911
0.027027	      2 915
0.0181818	      1 922
0.025	      1 927
0.03125	      1 930
0.0357143	      1 931
0.037037	      1 932
0.0526316	      1 937
0.0555556	      1 938
0.0625	      1 939
0.125	      1 947
0.125	      1 948
0.2	      1 955
0.2	      1 957
1	      1 968
