0.009703	  97030 1
0.007654	  76540 2
0.0067221	  67221 3
0.006944	  69440 4
0.0069914	  69914 5
0.0049463	  49463 6
0.0062337	  62337 7
0.00422	  42200 8
0.0051874	  51874 9
0.0048765	  48765 10
0.0064685	  64685 11
0.0046209	  46209 12
0.0039316	  39316 13
0.0038202	  38202 14
0.0038047	  38047 15
0.0037674	  37674 16
0.0035883	  35883 17
0.0035645	  35645 18
0.0037712	  37712 19
0.0037033	  37033 20
0.003703	  37030 21
0.00377	  37700 22
0.0040007	  40007 23
0.0037576	  37576 24
0.0037358	  37358 25
0.0039327	  39327 26
0.0037638	  37638 27
0.0044351	  44351 28
0.0036404	  36404 29
0.0046306	  46306 30
0.0058355	  58355 31
0.004009	  40090 32
0.0058321	  58321 33
0.0049029	  49029 34
0.0046276	  46276 35
0.0039249	  39249 36
0.0040889	  40889 37
0.0039567	  39567 38
0.0043729	  43729 39
0.0043498	  43498 40
0.0043634	  43634 41
0.0044502	  44502 42
0.0040952	  40952 43
0.0042226	  42226 44
0.0040885	  40885 45
0.0047715	  47715 46
0.0050885	  50885 47
0.0060803	  60803 48
0.0041918	  41918 49
0.0060341	  60341 50
0.0048785	  48785 51
0.0039373	  39373 52
0.0046698	  46698 53
0.0040798	  40798 54
0.0042704	  42704 55
0.0041389	  41389 56
0.0041345	  41345 57
0.0044051	  44051 58
0.0042119	  42119 59
0.0042094	  42094 60
0.004233	  42330 61
0.004248	  42480 62
0.0041916	  41916 63
0.0042387	  42387 64
0.0043656	  43656 65
0.0045487	  45487 66
0.0046006	  46006 67
0.0047609	  47609 68
0.00545	  54500 69
0.0073569	  73569 70
0.0058593	  58593 71
0.0062711	  62711 72
0.0050282	  50282 73
0.0072405	  72405 74
0.0061115	  61115 75
0.0083274	  83274 76
0.0069722	  69722 77
0.0067199	  67199 78
0.0075878	  75878 79
0.0097122	  97122 80
